<?xml version="1.0" encoding="UTF-8"?>
<!-- Generated by org.testng.reporters.JUnitXMLReporter -->
<testsuite ignored="2" hostname="DESKTOP-B50K3QI" failures="0" tests="2" name="TestNG Basics" time="13.71" errors="0" timestamp="2024-12-12T10:11:54 EST">
  <testcase classname="TestngBasics.HomePageTest" name="loginToAppTest" time="7.264"/>
  <testcase classname="TestngBasics.HomePageTest" name="loginToAppTestUsingParameters" time="6.442"/>
  <testcase classname="TestngBasics.HomePageTest" name="getTitleTest" time="0.0">
    <ignored/>
  </testcase> <!-- getTitleTest -->
  <testcase classname="TestngBasics.HomePageTest" name="getSearchProductTitleTest" time="0.0">
    <ignored/>
  </testcase> <!-- getSearchProductTitleTest -->
</testsuite> <!-- TestNG Basics -->
