<?xml version="1.0" encoding="UTF-8"?>
<!-- Generated by org.testng.reporters.JUnitXMLReporter -->
<testsuite ignored="0" hostname="DESKTOP-B50K3QI" failures="0" tests="12" name="Command line test" time="2.964" errors="0" timestamp="2024-12-12T08:51:13 EST">
  <testcase classname="TestngBasics.DataProviderExampleTest" name="@BeforeTest beforeTest" time="2.619">
    <failure type="java.lang.NullPointerException">
      <![CDATA[java.lang.NullPointerException
at java.base/java.util.Objects.requireNonNull(Objects.java:233)
at java.base/java.util.ImmutableCollections$Map1.<init>(ImmutableCollections.java:1112)
at java.base/java.util.Map.of(Map.java:1365)
at org.openqa.selenium.remote.DriverCommand.GET(DriverCommand.java:180)
at org.openqa.selenium.remote.RemoteWebDriver.get(RemoteWebDriver.java:313)
at TestngBasics.DataProviderExampleTest.beforeTest(DataProviderExampleTest.java:15)
... Removed 30 stack frames]]>
    </failure>
  </testcase> <!-- @BeforeTest beforeTest -->
  <testcase classname="TestngBasics.DataProviderExampleTest" name="@AfterTest tearDown" time="0.0">
    <skipped/>
  </testcase> <!-- @AfterTest tearDown -->
  <testcase classname="TestngBasics.ContactUsTest" name="getContactTitleTest" time="0.0">
    <skipped/>
  </testcase> <!-- getContactTitleTest -->
  <testcase classname="TestngBasics.ContactUsTest" name="sendMessageTest" time="0.0">
    <skipped/>
  </testcase> <!-- sendMessageTest -->
  <testcase classname="TestngBasics.DataProviderDemoTest" name="dataProviderExample" time="0.0">
    <skipped/>
  </testcase> <!-- dataProviderExample -->
  <testcase classname="TestngBasics.DataProviderDemoTest" name="dataProviderExample" time="0.0">
    <skipped/>
  </testcase> <!-- dataProviderExample -->
  <testcase classname="TestngBasics.DataProviderExampleTest" name="dataProviderTest" time="0.0">
    <skipped/>
  </testcase> <!-- dataProviderTest -->
  <testcase classname="TestngBasics.DataProviderPojoTest" name="dataProviderExample" time="0.0">
    <skipped/>
  </testcase> <!-- dataProviderExample -->
  <testcase classname="TestngBasics.DataProviderPojoTest" name="dataProviderExample" time="0.0">
    <skipped/>
  </testcase> <!-- dataProviderExample -->
  <testcase classname="TestngBasics.HomePageTest" name="getSearchProductTitleTest" time="0.0">
    <skipped/>
  </testcase> <!-- getSearchProductTitleTest -->
  <testcase classname="TestngBasics.HomePageTest" name="getTitleTest" time="0.0">
    <skipped/>
  </testcase> <!-- getTitleTest -->
  <testcase classname="TestngBasics.HomePageTest" name="loginToAppTest" time="0.0">
    <skipped/>
  </testcase> <!-- loginToAppTest -->
  <testcase classname="TestngBasics.HomePageTest" name="loginToAppTestUsingParameters" time="0.0">
    <skipped/>
  </testcase> <!-- loginToAppTestUsingParameters -->
  <testcase classname="TestngBasics.ListenersExampleTest" name="listenersDemo" time="0.0">
    <skipped/>
  </testcase> <!-- listenersDemo -->
</testsuite> <!-- Command line test -->
