<?xml version="1.0" encoding="UTF-8"?>
<!-- Generated by org.testng.reporters.JUnitXMLReporter -->
<testsuite ignored="1" hostname="DESKTOP-B50K3QI" failures="0" tests="3" name="Home Page Tests" time="19.514" errors="0" timestamp="2024-12-12T10:11:39 EST">
  <testcase classname="TestngBasics.HomePageTest" name="getSearchProductTitleTest" time="7.945"/>
  <testcase classname="TestngBasics.HomePageTest" name="getTitleTest" time="4.88"/>
  <testcase classname="TestngBasics.HomePageTest" name="loginToAppTest" time="6.66"/>
  <testcase classname="TestngBasics.HomePageTest" name="loginToAppTestUsingParameters" time="0.0">
    <ignored/>
  </testcase> <!-- loginToAppTestUsingParameters -->
</testsuite> <!-- Home Page Tests -->
