<?xml version="1.0" encoding="UTF-8"?>
<testsuite xmlns:xsi="http://www.w3.org/2001/XMLSchema-instance" xsi:noNamespaceSchemaLocation="https://maven.apache.org/surefire/maven-surefire-plugin/xsd/surefire-test-report-3.0.xsd" version="3.0" name="TestSuite" time="10.286" tests="2" errors="0" skipped="0" failures="0">
  <properties>
[...]
</properties>
  <testcase name="getSearchProductTitleTest" classname="TestngBasics.AnnotationsTests" time="0.884">
    <system-out><![CDATA[First thing to execute in entire suite
Browser name is : Chrome
Before Test execution begins ......
Before class is executing .....
Executes everytime before @Test Annotation
Title of page is : Search - My Shop
]]></system-out>
    <system-err><![CDATA[SLF4J: Failed to load class "org.slf4j.impl.StaticLoggerBinder".
SLF4J: Defaulting to no-operation (NOP) logger implementation
SLF4J: See http://www.slf4j.org/codes.html#StaticLoggerBinder for further details.
]]></system-err>
  </testcase>
  <testcase name="searchProduct" classname="TestngBasics.AnnotationsTests" time="3.145">
    <system-out><![CDATA[Executes after every @Test annotation completion
Executes everytime before @Test Annotation
Prints the product text : Faded Short Sleeve T-shirts
]]></system-out>
  </testcase>
</testsuite>