<?xml version="1.0" encoding="UTF-8" ?>
<testsuite tests="14" failures="1" name="TestSuite" time="2.908" errors="0" skipped="13">
  <properties>
[...]
</properties>
  <testcase classname="TestngBasics.DataProviderExampleTest" name="beforeTest" time="2.906">
    <failure type="java.lang.NullPointerException">java.lang.NullPointerException
	at java.base/java.util.Objects.requireNonNull(Objects.java:233)
	at java.base/java.util.ImmutableCollections$Map1.&lt;init&gt;(ImmutableCollections.java:1112)
	at java.base/java.util.Map.of(Map.java:1365)
	at org.openqa.selenium.remote.DriverCommand.GET(DriverCommand.java:180)
	at org.openqa.selenium.remote.RemoteWebDriver.get(RemoteWebDriver.java:313)
	at TestngBasics.DataProviderExampleTest.beforeTest(DataProviderExampleTest.java:15)
</failure>
    <system-out>Configuring TestNG with: org.apache.maven.surefire.testng.conf.TestNG652Configurator@246ae04d
Browser name is : null
</system-out>
    <system-err>SLF4J: Failed to load class &quot;org.slf4j.impl.StaticLoggerBinder&quot;.
SLF4J: Defaulting to no-operation (NOP) logger implementation
SLF4J: See http://www.slf4j.org/codes.html#StaticLoggerBinder for further details.
</system-err>
  </testcase>
  <testcase classname="TestngBasics.ContactUsTest" name="getContactTitleTest" time="0">
    <skipped/>
  </testcase>
  <testcase classname="TestngBasics.ContactUsTest" name="sendMessageTest" time="0">
    <skipped/>
  </testcase>
  <testcase classname="TestngBasics.DataProviderDemoTest" name="dataProviderExample" time="0">
    <skipped/>
  </testcase>
  <testcase classname="TestngBasics.DataProviderDemoTest" name="dataProviderExample" time="0">
    <skipped/>
  </testcase>
  <testcase classname="TestngBasics.DataProviderExampleTest" name="dataProviderTest" time="0.001">
    <skipped/>
  </testcase>
  <testcase classname="TestngBasics.DataProviderPojoTest" name="dataProviderExample" time="0">
    <skipped/>
  </testcase>
  <testcase classname="TestngBasics.DataProviderPojoTest" name="dataProviderExample" time="0">
    <skipped/>
  </testcase>
  <testcase classname="TestngBasics.HomePageTest" name="getSearchProductTitleTest" time="0">
    <skipped/>
  </testcase>
  <testcase classname="TestngBasics.HomePageTest" name="getTitleTest" time="0">
    <skipped/>
  </testcase>
  <testcase classname="TestngBasics.HomePageTest" name="loginToAppTest" time="0">
    <skipped/>
  </testcase>
  <testcase classname="TestngBasics.HomePageTest" name="loginToAppTestUsingParameters" time="0">
    <skipped/>
  </testcase>
  <testcase classname="TestngBasics.ListenersExampleTest" name="listenersDemo" time="0">
    <skipped/>
  </testcase>
  <testcase classname="TestngBasics.DataProviderExampleTest" name="tearDown" time="0.001">
    <skipped/>
  </testcase>
</testsuite>